0 info it worked if it ends with ok
1 verbose cli [ 'node', '/usr/local/bin/npm', 'publish' ]
2 info using npm@2.10.0
3 info using node@v0.12.2
4 verbose node symlink /usr/local/bin/node
5 verbose publish [ '.' ]
6 silly cache add args [ '.', null ]
7 verbose cache add spec .
8 silly cache add parsed spec { raw: '.',
8 silly cache add   scope: null,
8 silly cache add   name: null,
8 silly cache add   rawSpec: '.',
8 silly cache add   spec: '/Users/brettbeutell/boojay/js-stuff/quill-mentions',
8 silly cache add   type: 'directory' }
9 verbose addLocalDirectory /Users/brettbeutell/.npm/quill-mentions/0.1.4/package.tgz not in flight; packing
10 verbose tar pack [ '/Users/brettbeutell/.npm/quill-mentions/0.1.4/package.tgz',
10 verbose tar pack   '/Users/brettbeutell/boojay/js-stuff/quill-mentions' ]
11 verbose tarball /Users/brettbeutell/.npm/quill-mentions/0.1.4/package.tgz
12 verbose folder /Users/brettbeutell/boojay/js-stuff/quill-mentions
13 info prepublish quill-mentions@0.1.4
14 verbose addLocalTarball adding from inside cache /Users/brettbeutell/.npm/quill-mentions/0.1.4/package.tgz
15 silly cache afterAdd quill-mentions@0.1.4
16 verbose afterAdd /Users/brettbeutell/.npm/quill-mentions/0.1.4/package/package.json not in flight; writing
17 verbose afterAdd /Users/brettbeutell/.npm/quill-mentions/0.1.4/package/package.json written
18 silly publish { name: 'quill-mentions',
18 silly publish   version: '0.1.4',
18 silly publish   description: 'a module for integrating at-style mentions into quill.js',
18 silly publish   keywords:
18 silly publish    [ 'quill',
18 silly publish      'mentions',
18 silly publish      'supergoodcodeiswear',
18 silly publish      'bugsgalorenojkbutseriously' ],
18 silly publish   main: 'src/js/mentions.js',
18 silly publish   directories: { doc: 'docs' },
18 silly publish   scripts: { test: 'echo "Error: no test specified" && exit 1' },
18 silly publish   author: { name: 'boots' },
18 silly publish   license: 'MIT',
18 silly publish   devDependencies:
18 silly publish    { grunt: '~0.4.5',
18 silly publish      'grunt-browserify': '~3.3.0',
18 silly publish      'grunt-contrib-sass': '~0.9.2',
18 silly publish      'grunt-contrib-uglify': '~0.7.0',
18 silly publish      matchdep: '~0.3.0',
18 silly publish      'grunt-jsdoc': '~0.5.8',
18 silly publish      'grunt-contrib-watch': '~0.6.1' },
18 silly publish   readme: '# :construction: quill-mentions\n_Under construction_\n\nAn at-style mentions module for quilljs.\n\n## Get it.\nYou can get `quill-mentions` through npm\n```bash\n$ npm install quill-modules\n```\nOr you can just take the files from the `dist` folder. That works too.\n\n## Use it.\n`quill-mentions` exposes a single global variable, `QuillMentions`. \n\nTo include mentions in your Quill project, simply add the stylesheet and all the Javascripts to your page.\n\nPass the global `QuillMentions` contsructor to Quill\'s [registerModule](http://quilljs.com/docs/api/#quillregistermodule) function, and add `mentions` to your module config when you instantiate your editor(s).\n\n```html\n<head>\n  ...\n  <link rel="stylesheet" href="/path/to/quill-mentions.css">\n  ...\n</head>\n<body>\n  ...\n  <script src="/path/to/quill.min.js"></script>\n  <script src="/path/to/quill-mentions.min.js"></script>\n  <script>\n    Quill.registerModule("mentions", QuillMentions);\n    var editor = new Quill(\'#editor-container\', {\n      modules: {\n        \'mentions\': { /* add your configuration here */ },\n      }\n    });\n  </script>\n\n</body>\n```\n\n## Docs\n\nThe docs are not as exhaustive as they should be, but they live (nonetheless) in the `docs` folder.\n\n:warning: If you build the docs, be warned that your build will fail if the _full path_ to your clone/fork of the repo includes any folders with an underscore. See the issue and fix [here](https://github.com/brettimus/quill-mentions/issues/1).\n\n\n## Style Dependencies...\n**Not Yet Written**\n\n\n# v-3 goals\n* ~~inject choices (as array)~~\n* ~~parse contents~~\n* ~~use `@` to summon popover with possible choices matched to text~~\n* ~~vertically align popover to position of calling `@`~~\n\n# v-2 goals\n* ~~Customizable no-match-found messages~~ TODO - figre out how to configure so there\'s _no message_. Was running into issues trying this out.\n* ~~Keyboard events for up and down arrows~~ Also for escape and enter!\n* ~~Insert data with mention into markup (this might require deviating from custom quill format because custom formats are too nascent :confused:)~~ Currently, the `data-mention` attribute from a matching `li` is appended to the class of a mention `span`. This is hacky, but it avoids having to manually insert HTML...\n* Horizontally align the popover\n\n# V-1 goals\n* ~~Refactor with MVC~~\n* Break out defaultFactory (the main default object has toooo much :shit: on it.)\n* **Horizontally align the popover**\n* Refactor styles to not rely on dom elements\n\n# V-0 goals \n* More flexible templates, allow custom `value` accessor functions\n* Allow config to turn of quill custom format\n* Customizable hotkeys\n\n# TODO\n* Determine horizontal rendering of mentions container.\n* Find alternative to current use of `transform: translateZ` on the popover list items...\n* ~~Write more robust regex for parsing names (separate for work)~~\n* ~~Hide view after insert~~\n* ~~Add keyboard events for up and down arrows~~\n* ~~Don\'t allow \'womp womp\' message to be clicked~~\n* ~~Render ql-mentions container in a more logical position~~\n',
18 silly publish   readmeFilename: 'README.md',
18 silly publish   gitHead: '0ecd58157653a0876774d413d05a1f136b61a2a9',
18 silly publish   _id: 'quill-mentions@0.1.4',
18 silly publish   _shasum: '1b0317191b9ebdd7952f48c86a87ef593f487d8a',
18 silly publish   _from: '.' }
19 verbose getPublishConfig undefined
20 silly mapToRegistry name quill-mentions
21 silly mapToRegistry using default registry
22 silly mapToRegistry registry https://registry.npmjs.org/
23 silly mapToRegistry uri https://registry.npmjs.org/quill-mentions
24 verbose publish registryBase https://registry.npmjs.org/
25 silly publish uploading /Users/brettbeutell/.npm/quill-mentions/0.1.4/package.tgz
26 verbose request uri https://registry.npmjs.org/quill-mentions
27 verbose request sending authorization for write operation
28 info attempt registry request try #1 at 04:19:55
29 verbose request using bearer token for auth
30 verbose request id 37b2fd7932f17ed8
31 http request PUT https://registry.npmjs.org/quill-mentions
32 http 403 https://registry.npmjs.org/quill-mentions
33 verbose headers { 'content-type': 'application/json',
33 verbose headers   'cache-control': 'max-age=60',
33 verbose headers   'content-length': '95',
33 verbose headers   'accept-ranges': 'bytes',
33 verbose headers   date: 'Tue, 02 Jun 2015 11:19:56 GMT',
33 verbose headers   via: '1.1 varnish',
33 verbose headers   connection: 'keep-alive',
33 verbose headers   'x-served-by': 'cache-lax1434-LAX',
33 verbose headers   'x-cache': 'MISS',
33 verbose headers   'x-cache-hits': '0',
33 verbose headers   'x-timer': 'S1433243995.851942,VS0,VE458' }
34 verbose request invalidating /Users/brettbeutell/.npm/registry.npmjs.org/quill-mentions on PUT
35 error publish Failed PUT 403
36 verbose stack Error: "You cannot publish over the previously published version 0.1.4." : quill-mentions
36 verbose stack     at CachingRegistryClient.<anonymous> (/usr/local/lib/node_modules/npm/node_modules/npm-registry-client/lib/request.js:247:14)
36 verbose stack     at Request._callback (/usr/local/lib/node_modules/npm/node_modules/npm-registry-client/lib/request.js:170:14)
36 verbose stack     at Request.self.callback (/usr/local/lib/node_modules/npm/node_modules/request/request.js:368:22)
36 verbose stack     at Request.emit (events.js:110:17)
36 verbose stack     at Request.<anonymous> (/usr/local/lib/node_modules/npm/node_modules/request/request.js:1219:14)
36 verbose stack     at Request.emit (events.js:129:20)
36 verbose stack     at IncomingMessage.<anonymous> (/usr/local/lib/node_modules/npm/node_modules/request/request.js:1167:12)
36 verbose stack     at IncomingMessage.emit (events.js:129:20)
36 verbose stack     at _stream_readable.js:908:16
36 verbose stack     at process._tickCallback (node.js:355:11)
37 verbose statusCode 403
38 verbose pkgid quill-mentions
39 verbose cwd /Users/brettbeutell/boojay/js-stuff/quill-mentions
40 error Darwin 14.3.0
41 error argv "node" "/usr/local/bin/npm" "publish"
42 error node v0.12.2
43 error npm  v2.10.0
44 error code E403
45 error "You cannot publish over the previously published version 0.1.4." : quill-mentions
46 error If you need help, you may report this error at:
46 error     <https://github.com/npm/npm/issues>
47 verbose exit [ 1, true ]
